# JRE version: Java(TM) SE Runtime Environment (7.0_80-b15) (build 1.7.0_80-b15)
# Java VM: Java HotSpot(TM) 64-Bit Server VM (24.80-b11 mixed mode linux-amd64 compressed oops)
Heap
 PSYoungGen      total 284672K, used 0K [0x00000000eaa80000, 0x0000000100000000, 0x0000000100000000)
  eden space 234496K, 0% used [0x00000000eaa80000,0x00000000eaa80000,0x00000000f8f80000)
  from space 50176K, 0% used [0x00000000f8f80000,0x00000000f8f80000,0x00000000fc080000)
  to   space 65024K, 0% used [0x00000000fc080000,0x00000000fc080000,0x0000000100000000)
 ParOldGen       total 167936K, used 161477K [0x00000000c0000000, 0x00000000ca400000, 0x00000000eaa80000)
  object space 167936K, 96% used [0x00000000c0000000,0x00000000c9db1718,0x00000000ca400000)
 PSPermGen       total 21504K, used 5877K [0x00000000bae00000, 0x00000000bc300000, 0x00000000c0000000)
  object space 21504K, 27% used [0x00000000bae00000,0x00000000bb3bd6d8,0x00000000bc300000)
GC Heap History (10 events):
Event: 11.260 GC heap after
Heap after GC invocations=4 (full 0):
 PSYoungGen      total 134144K, used 5088K [0x00000000eaa80000, 0x00000000f3280000, 0x0000000100000000)
  eden space 129024K, 0% used [0x00000000eaa80000,0x00000000eaa80000,0x00000000f2880000)
  from space 5120K, 99% used [0x00000000f2d80000,0x00000000f3278028,0x00000000f3280000)
  to   space 5120K, 0% used [0x00000000f2880000,0x00000000f2880000,0x00000000f2d80000)
 ParOldGen       total 83968K, used 25561K [0x00000000c0000000, 0x00000000c5200000, 0x00000000eaa80000)
  object space 83968K, 30% used [0x00000000c0000000,0x00000000c18f6420,0x00000000c5200000)
 PSPermGen       total 21504K, used 5815K [0x00000000bae00000, 0x00000000bc300000, 0x00000000c0000000)
  object space 21504K, 27% used [0x00000000bae00000,0x00000000bb3adeb8,0x00000000bc300000)
}
Event: 17.386 GC heap before
{Heap before GC invocations=5 (full 0):
 PSYoungGen      total 134144K, used 134112K [0x00000000eaa80000, 0x00000000f3280000, 0x0000000100000000)
  eden space 129024K, 100% used [0x00000000eaa80000,0x00000000f2880000,0x00000000f2880000)
  from space 5120K, 99% used [0x00000000f2d80000,0x00000000f3278028,0x00000000f3280000)
  to   space 5120K, 0% used [0x00000000f2880000,0x00000000f2880000,0x00000000f2d80000)
 ParOldGen       total 83968K, used 25561K [0x00000000c0000000, 0x00000000c5200000, 0x00000000eaa80000)
  object space 83968K, 30% used [0x00000000c0000000,0x00000000c18f6420,0x00000000c5200000)
 PSPermGen       total 21504K, used 5844K [0x00000000bae00000, 0x00000000bc300000, 0x00000000c0000000)
  object space 21504K, 27% used [0x00000000bae00000,0x00000000bb3b50d0,0x00000000bc300000)
Event: 17.527 GC heap after
Heap after GC invocations=5 (full 0):
 PSYoungGen      total 134144K, used 5119K [0x00000000eaa80000, 0x00000000fda80000, 0x0000000100000000)
  eden space 129024K, 0% used [0x00000000eaa80000,0x00000000eaa80000,0x00000000f2880000)
  from space 5120K, 99% used [0x00000000f2880000,0x00000000f2d7fdc0,0x00000000f2d80000)
  to   space 26624K, 0% used [0x00000000fc080000,0x00000000fc080000,0x00000000fda80000)
 ParOldGen       total 83968K, used 46525K [0x00000000c0000000, 0x00000000c5200000, 0x00000000eaa80000)
  object space 83968K, 55% used [0x00000000c0000000,0x00000000c2d6f650,0x00000000c5200000)
 PSPermGen       total 21504K, used 5844K [0x00000000bae00000, 0x00000000bc300000, 0x00000000c0000000)
  object space 21504K, 27% used [0x00000000bae00000,0x00000000bb3b50d0,0x00000000bc300000)
}
Event: 20.478 GC heap before
{Heap before GC invocations=6 (full 0):
 PSYoungGen      total 134144K, used 134143K [0x00000000eaa80000, 0x00000000fda80000, 0x0000000100000000)
  eden space 129024K, 100% used [0x00000000eaa80000,0x00000000f2880000,0x00000000f2880000)
  from space 5120K, 99% used [0x00000000f2880000,0x00000000f2d7fdc0,0x00000000f2d80000)
  to   space 26624K, 0% used [0x00000000fc080000,0x00000000fc080000,0x00000000fda80000)
 ParOldGen       total 83968K, used 46525K [0x00000000c0000000, 0x00000000c5200000, 0x00000000eaa80000)
  object space 83968K, 55% used [0x00000000c0000000,0x00000000c2d6f650,0x00000000c5200000)
 PSPermGen       total 21504K, used 5858K [0x00000000bae00000, 0x00000000bc300000, 0x00000000c0000000)
  object space 21504K, 27% used [0x00000000bae00000,0x00000000bb3b8b10,0x00000000bc300000)
Event: 20.707 GC heap after
Heap after GC invocations=6 (full 0):
 PSYoungGen      total 261120K, used 26606K [0x00000000eaa80000, 0x0000000100000000, 0x0000000100000000)
  eden space 234496K, 0% used [0x00000000eaa80000,0x00000000eaa80000,0x00000000f8f80000)
  from space 26624K, 99% used [0x00000000fc080000,0x00000000fda7b988,0x00000000fda80000)
  to   space 50176K, 0% used [0x00000000f8f80000,0x00000000f8f80000,0x00000000fc080000)
 ParOldGen       total 83968K, used 78879K [0x00000000c0000000, 0x00000000c5200000, 0x00000000eaa80000)
  object space 83968K, 93% used [0x00000000c0000000,0x00000000c4d07e58,0x00000000c5200000)
 PSPermGen       total 21504K, used 5858K [0x00000000bae00000, 0x00000000bc300000, 0x00000000c0000000)
  object space 21504K, 27% used [0x00000000bae00000,0x00000000bb3b8b10,0x00000000bc300000)
}
Event: 20.707 GC heap before
{Heap before GC invocations=7 (full 1):
 PSYoungGen      total 261120K, used 26606K [0x00000000eaa80000, 0x0000000100000000, 0x0000000100000000)
  eden space 234496K, 0% used [0x00000000eaa80000,0x00000000eaa80000,0x00000000f8f80000)
  from space 26624K, 99% used [0x00000000fc080000,0x00000000fda7b988,0x00000000fda80000)
  to   space 50176K, 0% used [0x00000000f8f80000,0x00000000f8f80000,0x00000000fc080000)
 ParOldGen       total 83968K, used 78879K [0x00000000c0000000, 0x00000000c5200000, 0x00000000eaa80000)
  object space 83968K, 93% used [0x00000000c0000000,0x00000000c4d07e58,0x00000000c5200000)
 PSPermGen       total 21504K, used 5858K [0x00000000bae00000, 0x00000000bc300000, 0x00000000c0000000)
  object space 21504K, 27% used [0x00000000bae00000,0x00000000bb3b8b10,0x00000000bc300000)
Event: 22.181 GC heap after
Heap after GC invocations=7 (full 1):
 PSYoungGen      total 261120K, used 14241K [0x00000000eaa80000, 0x0000000100000000, 0x0000000100000000)
  eden space 234496K, 0% used [0x00000000eaa80000,0x00000000eaa80000,0x00000000f8f80000)
  from space 26624K, 53% used [0x00000000fc080000,0x00000000fce68470,0x00000000fda80000)
  to   space 50176K, 0% used [0x00000000f8f80000,0x00000000f8f80000,0x00000000fc080000)
 ParOldGen       total 167936K, used 83465K [0x00000000c0000000, 0x00000000ca400000, 0x00000000eaa80000)
  object space 167936K, 49% used [0x00000000c0000000,0x00000000c5182508,0x00000000ca400000)
 PSPermGen       total 21504K, used 5856K [0x00000000bae00000, 0x00000000bc300000, 0x00000000c0000000)
  object space 21504K, 27% used [0x00000000bae00000,0x00000000bb3b80c0,0x00000000bc300000)
}
Event: 25.762 GC heap before
{Heap before GC invocations=8 (full 1):
 PSYoungGen      total 261120K, used 248737K [0x00000000eaa80000, 0x0000000100000000, 0x0000000100000000)
  eden space 234496K, 100% used [0x00000000eaa80000,0x00000000f8f80000,0x00000000f8f80000)
  from space 26624K, 53% used [0x00000000fc080000,0x00000000fce68470,0x00000000fda80000)
  to   space 50176K, 0% used [0x00000000f8f80000,0x00000000f8f80000,0x00000000fc080000)
 ParOldGen       total 167936K, used 83465K [0x00000000c0000000, 0x00000000ca400000, 0x00000000eaa80000)
  object space 167936K, 49% used [0x00000000c0000000,0x00000000c5182508,0x00000000ca400000)
 PSPermGen       total 21504K, used 5877K [0x00000000bae00000, 0x00000000bc300000, 0x00000000c0000000)
  object space 21504K, 27% used [0x00000000bae00000,0x00000000bb3bd7b8,0x00000000bc300000)
Event: 27.781 GC heap after
Heap after GC invocations=8 (full 1):
 PSYoungGen      total 284672K, used 50164K [0x00000000eaa80000, 0x0000000100000000, 0x0000000100000000)
  eden space 234496K, 0% used [0x00000000eaa80000,0x00000000eaa80000,0x00000000f8f80000)
  from space 50176K, 99% used [0x00000000f8f80000,0x00000000fc07d3f0,0x00000000fc080000)
  to   space 65024K, 0% used [0x00000000fc080000,0x00000000fc080000,0x0000000100000000)
 ParOldGen       total 167936K, used 154033K [0x00000000c0000000, 0x00000000ca400000, 0x00000000eaa80000)
  object space 167936K, 91% used [0x00000000c0000000,0x00000000c966c458,0x00000000ca400000)
 PSPermGen       total 21504K, used 5877K [0x00000000bae00000, 0x00000000bc300000, 0x00000000c0000000)
  object space 21504K, 27% used [0x00000000bae00000,0x00000000bb3bd7b8,0x00000000bc300000)
}
Event: 27.878 GC heap before
{Heap before GC invocations=9 (full 2):
 PSYoungGen      total 284672K, used 50164K [0x00000000eaa80000, 0x0000000100000000, 0x0000000100000000)
  eden space 234496K, 0% used [0x00000000eaa80000,0x00000000eaa80000,0x00000000f8f80000)
  from space 50176K, 99% used [0x00000000f8f80000,0x00000000fc07d3f0,0x00000000fc080000)
  to   space 65024K, 0% used [0x00000000fc080000,0x00000000fc080000,0x0000000100000000)
 ParOldGen       total 167936K, used 154033K [0x00000000c0000000, 0x00000000ca400000, 0x00000000eaa80000)
  object space 167936K, 91% used [0x00000000c0000000,0x00000000c966c458,0x00000000ca400000)
 PSPermGen       total 21504K, used 5877K [0x00000000bae00000, 0x00000000bc300000, 0x00000000c0000000)
  object space 21504K, 27% used [0x00000000bae00000,0x00000000bb3bd7b8,0x00000000bc300000)

