# JRE version: Java(TM) SE Runtime Environment (7.0_80-b15) (build 1.7.0_80-b15)
# Java VM: Java HotSpot(TM) 64-Bit Server VM (24.80-b11 mixed mode linux-amd64 compressed oops)
Heap
 PSYoungGen      total 285184K, used 0K [0x00000000eaa80000, 0x0000000100000000, 0x0000000100000000)
  eden space 224768K, 0% used [0x00000000eaa80000,0x00000000eaa80000,0x00000000f8600000)
  from space 60416K, 0% used [0x00000000f8600000,0x00000000f8600000,0x00000000fc100000)
  to   space 64512K, 0% used [0x00000000fc100000,0x00000000fc100000,0x0000000100000000)
 ParOldGen       total 193024K, used 183495K [0x00000000c0000000, 0x00000000cbc80000, 0x00000000eaa80000)
  object space 193024K, 95% used [0x00000000c0000000,0x00000000cb331ec8,0x00000000cbc80000)
 PSPermGen       total 21504K, used 5876K [0x00000000bae00000, 0x00000000bc300000, 0x00000000c0000000)
  object space 21504K, 27% used [0x00000000bae00000,0x00000000bb3bd1e0,0x00000000bc300000)
GC Heap History (10 events):
Event: 13.334 GC heap after
Heap after GC invocations=6 (full 0):
 PSYoungGen      total 141312K, used 14833K [0x00000000eaa80000, 0x00000000f4a80000, 0x0000000100000000)
  eden space 126464K, 0% used [0x00000000eaa80000,0x00000000eaa80000,0x00000000f2600000)
  from space 14848K, 99% used [0x00000000f3700000,0x00000000f457c410,0x00000000f4580000)
  to   space 17408K, 0% used [0x00000000f2600000,0x00000000f2600000,0x00000000f3700000)
 ParOldGen       total 83968K, used 25911K [0x00000000c0000000, 0x00000000c5200000, 0x00000000eaa80000)
  object space 83968K, 30% used [0x00000000c0000000,0x00000000c194dcd0,0x00000000c5200000)
 PSPermGen       total 21504K, used 5828K [0x00000000bae00000, 0x00000000bc300000, 0x00000000c0000000)
  object space 21504K, 27% used [0x00000000bae00000,0x00000000bb3b1178,0x00000000bc300000)
}
Event: 19.646 GC heap before
{Heap before GC invocations=7 (full 0):
 PSYoungGen      total 141312K, used 141297K [0x00000000eaa80000, 0x00000000f4a80000, 0x0000000100000000)
  eden space 126464K, 100% used [0x00000000eaa80000,0x00000000f2600000,0x00000000f2600000)
  from space 14848K, 99% used [0x00000000f3700000,0x00000000f457c410,0x00000000f4580000)
  to   space 17408K, 0% used [0x00000000f2600000,0x00000000f2600000,0x00000000f3700000)
 ParOldGen       total 83968K, used 25911K [0x00000000c0000000, 0x00000000c5200000, 0x00000000eaa80000)
  object space 83968K, 30% used [0x00000000c0000000,0x00000000c194dcd0,0x00000000c5200000)
 PSPermGen       total 21504K, used 5859K [0x00000000bae00000, 0x00000000bc300000, 0x00000000c0000000)
  object space 21504K, 27% used [0x00000000bae00000,0x00000000bb3b8ee8,0x00000000bc300000)
Event: 19.902 GC heap after
Heap after GC invocations=7 (full 0):
 PSYoungGen      total 143872K, used 17405K [0x00000000eaa80000, 0x00000000fe080000, 0x0000000100000000)
  eden space 126464K, 0% used [0x00000000eaa80000,0x00000000eaa80000,0x00000000f2600000)
  from space 17408K, 99% used [0x00000000f2600000,0x00000000f36ff598,0x00000000f3700000)
  to   space 32256K, 0% used [0x00000000fc100000,0x00000000fc100000,0x00000000fe080000)
 ParOldGen       total 83968K, used 50844K [0x00000000c0000000, 0x00000000c5200000, 0x00000000eaa80000)
  object space 83968K, 60% used [0x00000000c0000000,0x00000000c31a71f0,0x00000000c5200000)
 PSPermGen       total 21504K, used 5859K [0x00000000bae00000, 0x00000000bc300000, 0x00000000c0000000)
  object space 21504K, 27% used [0x00000000bae00000,0x00000000bb3b8ee8,0x00000000bc300000)
}
Event: 22.824 GC heap before
{Heap before GC invocations=8 (full 0):
 PSYoungGen      total 143872K, used 143869K [0x00000000eaa80000, 0x00000000fe080000, 0x0000000100000000)
  eden space 126464K, 100% used [0x00000000eaa80000,0x00000000f2600000,0x00000000f2600000)
  from space 17408K, 99% used [0x00000000f2600000,0x00000000f36ff598,0x00000000f3700000)
  to   space 32256K, 0% used [0x00000000fc100000,0x00000000fc100000,0x00000000fe080000)
 ParOldGen       total 83968K, used 50844K [0x00000000c0000000, 0x00000000c5200000, 0x00000000eaa80000)
  object space 83968K, 60% used [0x00000000c0000000,0x00000000c31a71f0,0x00000000c5200000)
 PSPermGen       total 21504K, used 5879K [0x00000000bae00000, 0x00000000bc300000, 0x00000000c0000000)
  object space 21504K, 27% used [0x00000000bae00000,0x00000000bb3bdce8,0x00000000bc300000)
Event: 23.070 GC heap after
Heap after GC invocations=8 (full 0):
 PSYoungGen      total 257024K, used 32246K [0x00000000eaa80000, 0x0000000100000000, 0x0000000100000000)
  eden space 224768K, 0% used [0x00000000eaa80000,0x00000000eaa80000,0x00000000f8600000)
  from space 32256K, 99% used [0x00000000fc100000,0x00000000fe07dac0,0x00000000fe080000)
  to   space 60416K, 0% used [0x00000000f8600000,0x00000000f8600000,0x00000000fc100000)
 ParOldGen       total 103424K, used 103403K [0x00000000c0000000, 0x00000000c6500000, 0x00000000eaa80000)
  object space 103424K, 99% used [0x00000000c0000000,0x00000000c64fad28,0x00000000c6500000)
 PSPermGen       total 21504K, used 5879K [0x00000000bae00000, 0x00000000bc300000, 0x00000000c0000000)
  object space 21504K, 27% used [0x00000000bae00000,0x00000000bb3bdce8,0x00000000bc300000)
}
Event: 23.072 GC heap before
{Heap before GC invocations=9 (full 1):
 PSYoungGen      total 257024K, used 32246K [0x00000000eaa80000, 0x0000000100000000, 0x0000000100000000)
  eden space 224768K, 0% used [0x00000000eaa80000,0x00000000eaa80000,0x00000000f8600000)
  from space 32256K, 99% used [0x00000000fc100000,0x00000000fe07dac0,0x00000000fe080000)
  to   space 60416K, 0% used [0x00000000f8600000,0x00000000f8600000,0x00000000fc100000)
 ParOldGen       total 103424K, used 103403K [0x00000000c0000000, 0x00000000c6500000, 0x00000000eaa80000)
  object space 103424K, 99% used [0x00000000c0000000,0x00000000c64fad28,0x00000000c6500000)
 PSPermGen       total 21504K, used 5879K [0x00000000bae00000, 0x00000000bc300000, 0x00000000c0000000)
  object space 21504K, 27% used [0x00000000bae00000,0x00000000bb3bdce8,0x00000000bc300000)
Event: 24.824 GC heap after
Heap after GC invocations=9 (full 1):
 PSYoungGen      total 257024K, used 23773K [0x00000000eaa80000, 0x0000000100000000, 0x0000000100000000)
  eden space 224768K, 0% used [0x00000000eaa80000,0x00000000eaa80000,0x00000000f8600000)
  from space 32256K, 73% used [0x00000000fc100000,0x00000000fd837518,0x00000000fe080000)
  to   space 60416K, 0% used [0x00000000f8600000,0x00000000f8600000,0x00000000fc100000)
 ParOldGen       total 193024K, used 103269K [0x00000000c0000000, 0x00000000cbc80000, 0x00000000eaa80000)
  object space 193024K, 53% used [0x00000000c0000000,0x00000000c64d9490,0x00000000cbc80000)
 PSPermGen       total 21504K, used 5876K [0x00000000bae00000, 0x00000000bc300000, 0x00000000c0000000)
  object space 21504K, 27% used [0x00000000bae00000,0x00000000bb3bd138,0x00000000bc300000)
}
Event: 26.708 GC heap before
{Heap before GC invocations=10 (full 1):
 PSYoungGen      total 257024K, used 248541K [0x00000000eaa80000, 0x0000000100000000, 0x0000000100000000)
  eden space 224768K, 100% used [0x00000000eaa80000,0x00000000f8600000,0x00000000f8600000)
  from space 32256K, 73% used [0x00000000fc100000,0x00000000fd837518,0x00000000fe080000)
  to   space 60416K, 0% used [0x00000000f8600000,0x00000000f8600000,0x00000000fc100000)
 ParOldGen       total 193024K, used 103269K [0x00000000c0000000, 0x00000000cbc80000, 0x00000000eaa80000)
  object space 193024K, 53% used [0x00000000c0000000,0x00000000c64d9490,0x00000000cbc80000)
 PSPermGen       total 21504K, used 5876K [0x00000000bae00000, 0x00000000bc300000, 0x00000000c0000000)
  object space 21504K, 27% used [0x00000000bae00000,0x00000000bb3bd200,0x00000000bc300000)
Event: 27.621 GC heap after
Heap after GC invocations=10 (full 1):
 PSYoungGen      total 285184K, used 60414K [0x00000000eaa80000, 0x0000000100000000, 0x0000000100000000)
  eden space 224768K, 0% used [0x00000000eaa80000,0x00000000eaa80000,0x00000000f8600000)
  from space 60416K, 99% used [0x00000000f8600000,0x00000000fc0ff828,0x00000000fc100000)
  to   space 64512K, 0% used [0x00000000fc100000,0x00000000fc100000,0x0000000100000000)
 ParOldGen       total 193024K, used 172198K [0x00000000c0000000, 0x00000000cbc80000, 0x00000000eaa80000)
  object space 193024K, 89% used [0x00000000c0000000,0x00000000ca829ae0,0x00000000cbc80000)
 PSPermGen       total 21504K, used 5876K [0x00000000bae00000, 0x00000000bc300000, 0x00000000c0000000)
  object space 21504K, 27% used [0x00000000bae00000,0x00000000bb3bd200,0x00000000bc300000)
}
Event: 28.487 GC heap before
{Heap before GC invocations=11 (full 2):
 PSYoungGen      total 285184K, used 60414K [0x00000000eaa80000, 0x0000000100000000, 0x0000000100000000)
  eden space 224768K, 0% used [0x00000000eaa80000,0x00000000eaa80000,0x00000000f8600000)
  from space 60416K, 99% used [0x00000000f8600000,0x00000000fc0ff828,0x00000000fc100000)
  to   space 64512K, 0% used [0x00000000fc100000,0x00000000fc100000,0x0000000100000000)
 ParOldGen       total 193024K, used 172198K [0x00000000c0000000, 0x00000000cbc80000, 0x00000000eaa80000)
  object space 193024K, 89% used [0x00000000c0000000,0x00000000ca829ae0,0x00000000cbc80000)
 PSPermGen       total 21504K, used 5876K [0x00000000bae00000, 0x00000000bc300000, 0x00000000c0000000)
  object space 21504K, 27% used [0x00000000bae00000,0x00000000bb3bd200,0x00000000bc300000)

